Determining if the pthread_create exist failed with the following output:
Change Dir: /home/lab/Linear Algebra/CMakeFiles/CMakeTmp

Run Build Command:"/usr/bin/make" "cmTC_6f0a2/fast"
/usr/bin/make -f CMakeFiles/cmTC_6f0a2.dir/build.make CMakeFiles/cmTC_6f0a2.dir/build
make[1]: Entering directory '/home/lab/Linear Algebra/CMakeFiles/CMakeTmp'
Building C object CMakeFiles/cmTC_6f0a2.dir/CheckSymbolExists.c.o
/usr/bin/cc    -o CMakeFiles/cmTC_6f0a2.dir/CheckSymbolExists.c.o   -c "/home/lab/Linear Algebra/CMakeFiles/CMakeTmp/CheckSymbolExists.c"
Linking C executable cmTC_6f0a2
/usr/bin/cmake -E cmake_link_script CMakeFiles/cmTC_6f0a2.dir/link.txt --verbose=1
/usr/bin/cc      CMakeFiles/cmTC_6f0a2.dir/CheckSymbolExists.c.o  -o cmTC_6f0a2 
CMakeFiles/cmTC_6f0a2.dir/CheckSymbolExists.c.o: In function `main':
CheckSymbolExists.c:(.text+0x1b): undefined reference to `pthread_create'
collect2: error: ld returned 1 exit status
CMakeFiles/cmTC_6f0a2.dir/build.make:97: recipe for target 'cmTC_6f0a2' failed
make[1]: *** [cmTC_6f0a2] Error 1
make[1]: Leaving directory '/home/lab/Linear Algebra/CMakeFiles/CMakeTmp'
Makefile:126: recipe for target 'cmTC_6f0a2/fast' failed
make: *** [cmTC_6f0a2/fast] Error 2

File /home/lab/Linear Algebra/CMakeFiles/CMakeTmp/CheckSymbolExists.c:
/* */
#include <pthread.h>

int main(int argc, char** argv)
{
  (void)argv;
#ifndef pthread_create
  return ((int*)(&pthread_create))[argc];
#else
  (void)argc;
  return 0;
#endif
}

Determining if the function pthread_create exists in the pthreads failed with the following output:
Change Dir: /home/lab/Linear Algebra/CMakeFiles/CMakeTmp

Run Build Command:"/usr/bin/make" "cmTC_dcb42/fast"
/usr/bin/make -f CMakeFiles/cmTC_dcb42.dir/build.make CMakeFiles/cmTC_dcb42.dir/build
make[1]: Entering directory '/home/lab/Linear Algebra/CMakeFiles/CMakeTmp'
Building C object CMakeFiles/cmTC_dcb42.dir/CheckFunctionExists.c.o
/usr/bin/cc   -DCHECK_FUNCTION_EXISTS=pthread_create   -o CMakeFiles/cmTC_dcb42.dir/CheckFunctionExists.c.o   -c /usr/share/cmake-3.10/Modules/CheckFunctionExists.c
Linking C executable cmTC_dcb42
/usr/bin/cmake -E cmake_link_script CMakeFiles/cmTC_dcb42.dir/link.txt --verbose=1
/usr/bin/cc  -DCHECK_FUNCTION_EXISTS=pthread_create    CMakeFiles/cmTC_dcb42.dir/CheckFunctionExists.c.o  -o cmTC_dcb42 -lpthreads 
/usr/bin/ld: cannot find -lpthreads
collect2: error: ld returned 1 exit status
CMakeFiles/cmTC_dcb42.dir/build.make:97: recipe for target 'cmTC_dcb42' failed
make[1]: *** [cmTC_dcb42] Error 1
make[1]: Leaving directory '/home/lab/Linear Algebra/CMakeFiles/CMakeTmp'
Makefile:126: recipe for target 'cmTC_dcb42/fast' failed
make: *** [cmTC_dcb42/fast] Error 2


